;  LST file generated by mikroListExporter - v.2.0 
; Date/Time: 2/24/2023 6:24:28 PM
;----------------------------------------------

;Address Opcode 	ASM
0x0000	0x2B3D      	GOTO       829
_Div_16x16_S_L:
;__Lib_Math.c,421 :: 		
;__Lib_Math.c,427 :: 		
0x0003	0x0D71      	RLF        R1, 0
;__Lib_Math.c,428 :: 		
0x0004	0x0DF8      	RLF        R8, 1
;__Lib_Math.c,429 :: 		
0x0005	0x0DF9      	RLF        R9, 1
;__Lib_Math.c,430 :: 		
0x0006	0x0874      	MOVF       R4, 0
;__Lib_Math.c,431 :: 		
0x0007	0x02F8      	SUBWF      R8, 1
;__Lib_Math.c,432 :: 		
0x0008	0x0875      	MOVF       R5, 0
;__Lib_Math.c,433 :: 		
0x0009	0x1C03      	BTFSS      STATUS, 0
;__Lib_Math.c,434 :: 		
0x000A	0x0F75      	INCFSZ     R5, 0
;__Lib_Math.c,435 :: 		
0x000B	0x02F9      	SUBWF      R9, 1
;__Lib_Math.c,436 :: 		
0x000C	0x0DF0      	RLF        R0, 1
;__Lib_Math.c,437 :: 		
0x000D	0x0DF1      	RLF        R1, 1
;__Lib_Math.c,439 :: 		
0x000E	0x300F      	MOVLW      15
;__Lib_Math.c,440 :: 		
0x000F	0x00FC      	MOVWF      R12
;__Lib_Math.c,442 :: 		
0x0010	0x0D71      	RLF        R1, 0
;__Lib_Math.c,443 :: 		
0x0011	0x0DF8      	RLF        R8, 1
;__Lib_Math.c,444 :: 		
0x0012	0x0DF9      	RLF        R9, 1
;__Lib_Math.c,445 :: 		
0x0013	0x0874      	MOVF       R4, 0
;__Lib_Math.c,447 :: 		
0x0014	0x1C70      	BTFSS      R0, 0
;__Lib_Math.c,448 :: 		
0x0015	0x281C      	GOTO       $+7
;__Lib_Math.c,449 :: 		
0x0016	0x02F8      	SUBWF      R8, 1
;__Lib_Math.c,450 :: 		
0x0017	0x0875      	MOVF       R5, 0
;__Lib_Math.c,451 :: 		
0x0018	0x1C03      	BTFSS      STATUS, 0
;__Lib_Math.c,452 :: 		
0x0019	0x0F75      	INCFSZ     R5, 0
;__Lib_Math.c,453 :: 		
0x001A	0x02F9      	SUBWF      R9, 1
;__Lib_Math.c,454 :: 		
0x001B	0x2821      	GOTO       $+6
;__Lib_Math.c,456 :: 		
0x001C	0x07F8      	ADDWF      R8, 1
;__Lib_Math.c,457 :: 		
0x001D	0x0875      	MOVF       R5, 0
;__Lib_Math.c,458 :: 		
0x001E	0x1803      	BTFSC      STATUS, 0
;__Lib_Math.c,459 :: 		
0x001F	0x0F75      	INCFSZ     R5, 0
;__Lib_Math.c,460 :: 		
0x0020	0x07F9      	ADDWF      R9, 1
;__Lib_Math.c,462 :: 		
0x0021	0x0DF0      	RLF        R0, 1
;__Lib_Math.c,463 :: 		
0x0022	0x0DF1      	RLF        R1, 1
;__Lib_Math.c,465 :: 		
0x0023	0x0BFC      	DECFSZ     R12, 1
;__Lib_Math.c,466 :: 		
0x0024	0x2810      	GOTO       $-20
;__Lib_Math.c,468 :: 		
0x0025	0x1870      	BTFSC      R0, 0
;__Lib_Math.c,469 :: 		
0x0026	0x282D      	GOTO       $+7
;__Lib_Math.c,470 :: 		
0x0027	0x0874      	MOVF       R4, 0
;__Lib_Math.c,471 :: 		
0x0028	0x07F8      	ADDWF      R8, 1
;__Lib_Math.c,472 :: 		
0x0029	0x0875      	MOVF       R5, 0
;__Lib_Math.c,473 :: 		
0x002A	0x1803      	BTFSC      STATUS, 0
;__Lib_Math.c,474 :: 		
0x002B	0x0F75      	INCFSZ     R5, 0
;__Lib_Math.c,475 :: 		
0x002C	0x07F9      	ADDWF      R9, 1
;__Lib_Math.c,476 :: 		
0x002D	0x0000      	NOP
;__Lib_Math.c,478 :: 		
L_end_Div_16x16_S_L:
0x002E	0x0008      	RETURN
; end of _Div_16x16_S_L
_display_digit:
;MP1Compiler.c,69 :: 		void display_digit(int digit, int display_num) {
;MP1Compiler.c,72 :: 		switch (digit) {
0x002F	0x2939      	GOTO       L_display_digit0
;MP1Compiler.c,73 :: 		case 0:
L_display_digit2:
;MP1Compiler.c,74 :: 		segA = 1;
0x0030	0x3001      	MOVLW      1
0x0031	0x1283      	BCF        STATUS, 5
0x0032	0x1303      	BCF        STATUS, 6
0x0033	0x00F1      	MOVWF      R1
0x0034	0x3000      	MOVLW      0
0x0035	0x00F2      	MOVWF      R1+1
;MP1Compiler.c,75 :: 		segB = 1;
0x0036	0x3001      	MOVLW      1
0x0037	0x00F3      	MOVWF      R3
0x0038	0x3000      	MOVLW      0
0x0039	0x00F4      	MOVWF      R3+1
;MP1Compiler.c,76 :: 		segC = 1;
0x003A	0x3001      	MOVLW      1
0x003B	0x00F5      	MOVWF      R5
0x003C	0x3000      	MOVLW      0
0x003D	0x00F6      	MOVWF      R5+1
;MP1Compiler.c,77 :: 		segD = 1;
0x003E	0x3001      	MOVLW      1
0x003F	0x00F7      	MOVWF      R7
0x0040	0x3000      	MOVLW      0
0x0041	0x00F8      	MOVWF      R7+1
;MP1Compiler.c,78 :: 		segE = 1;
0x0042	0x3001      	MOVLW      1
0x0043	0x00F9      	MOVWF      R9
0x0044	0x3000      	MOVLW      0
0x0045	0x00FA      	MOVWF      R9+1
;MP1Compiler.c,79 :: 		segF = 1;
0x0046	0x3001      	MOVLW      1
0x0047	0x00FB      	MOVWF      R11
0x0048	0x3000      	MOVLW      0
0x0049	0x00FC      	MOVWF      R11+1
;MP1Compiler.c,80 :: 		segG = 0;
0x004A	0x01FD      	CLRF       R13
0x004B	0x01FE      	CLRF       R13+1
;MP1Compiler.c,81 :: 		break;
0x004C	0x298C      	GOTO       L_display_digit1
;MP1Compiler.c,82 :: 		case 1:
L_display_digit3:
;MP1Compiler.c,83 :: 		segA = 0;
0x004D	0x01F1      	CLRF       R1
0x004E	0x01F2      	CLRF       R1+1
;MP1Compiler.c,84 :: 		segB = 1;
0x004F	0x3001      	MOVLW      1
0x0050	0x00F3      	MOVWF      R3
0x0051	0x3000      	MOVLW      0
0x0052	0x00F4      	MOVWF      R3+1
;MP1Compiler.c,85 :: 		segC = 1;
0x0053	0x3001      	MOVLW      1
0x0054	0x00F5      	MOVWF      R5
0x0055	0x3000      	MOVLW      0
0x0056	0x00F6      	MOVWF      R5+1
;MP1Compiler.c,86 :: 		segD = 0;
0x0057	0x01F7      	CLRF       R7
0x0058	0x01F8      	CLRF       R7+1
;MP1Compiler.c,87 :: 		segE = 0;
0x0059	0x01F9      	CLRF       R9
0x005A	0x01FA      	CLRF       R9+1
;MP1Compiler.c,88 :: 		segF = 0;
0x005B	0x01FB      	CLRF       R11
0x005C	0x01FC      	CLRF       R11+1
;MP1Compiler.c,89 :: 		segG = 0;
0x005D	0x01FD      	CLRF       R13
0x005E	0x01FE      	CLRF       R13+1
;MP1Compiler.c,90 :: 		break;
0x005F	0x298C      	GOTO       L_display_digit1
;MP1Compiler.c,91 :: 		case 2:
L_display_digit4:
;MP1Compiler.c,92 :: 		segA = 1;
0x0060	0x3001      	MOVLW      1
0x0061	0x00F1      	MOVWF      R1
0x0062	0x3000      	MOVLW      0
0x0063	0x00F2      	MOVWF      R1+1
;MP1Compiler.c,93 :: 		segB = 1;
0x0064	0x3001      	MOVLW      1
0x0065	0x00F3      	MOVWF      R3
0x0066	0x3000      	MOVLW      0
0x0067	0x00F4      	MOVWF      R3+1
;MP1Compiler.c,94 :: 		segC = 0;
0x0068	0x01F5      	CLRF       R5
0x0069	0x01F6      	CLRF       R5+1
;MP1Compiler.c,95 :: 		segD = 1;
0x006A	0x3001      	MOVLW      1
0x006B	0x00F7      	MOVWF      R7
0x006C	0x3000      	MOVLW      0
0x006D	0x00F8      	MOVWF      R7+1
;MP1Compiler.c,96 :: 		segE = 1;
0x006E	0x3001      	MOVLW      1
0x006F	0x00F9      	MOVWF      R9
0x0070	0x3000      	MOVLW      0
0x0071	0x00FA      	MOVWF      R9+1
;MP1Compiler.c,97 :: 		segF = 0;
0x0072	0x01FB      	CLRF       R11
0x0073	0x01FC      	CLRF       R11+1
;MP1Compiler.c,98 :: 		segG = 1;
0x0074	0x3001      	MOVLW      1
0x0075	0x00FD      	MOVWF      R13
0x0076	0x3000      	MOVLW      0
0x0077	0x00FE      	MOVWF      R13+1
;MP1Compiler.c,99 :: 		break;
0x0078	0x298C      	GOTO       L_display_digit1
;MP1Compiler.c,100 :: 		case 3:
L_display_digit5:
;MP1Compiler.c,101 :: 		segA = 1;
0x0079	0x3001      	MOVLW      1
0x007A	0x00F1      	MOVWF      R1
0x007B	0x3000      	MOVLW      0
0x007C	0x00F2      	MOVWF      R1+1
;MP1Compiler.c,102 :: 		segB = 1;
0x007D	0x3001      	MOVLW      1
0x007E	0x00F3      	MOVWF      R3
0x007F	0x3000      	MOVLW      0
0x0080	0x00F4      	MOVWF      R3+1
;MP1Compiler.c,103 :: 		segC = 1;
0x0081	0x3001      	MOVLW      1
0x0082	0x00F5      	MOVWF      R5
0x0083	0x3000      	MOVLW      0
0x0084	0x00F6      	MOVWF      R5+1
;MP1Compiler.c,104 :: 		segD = 1;
0x0085	0x3001      	MOVLW      1
0x0086	0x00F7      	MOVWF      R7
0x0087	0x3000      	MOVLW      0
0x0088	0x00F8      	MOVWF      R7+1
;MP1Compiler.c,105 :: 		segE = 0;
0x0089	0x01F9      	CLRF       R9
0x008A	0x01FA      	CLRF       R9+1
;MP1Compiler.c,106 :: 		segF = 0;
0x008B	0x01FB      	CLRF       R11
0x008C	0x01FC      	CLRF       R11+1
;MP1Compiler.c,107 :: 		segG = 1;
0x008D	0x3001      	MOVLW      1
0x008E	0x00FD      	MOVWF      R13
0x008F	0x3000      	MOVLW      0
0x0090	0x00FE      	MOVWF      R13+1
;MP1Compiler.c,108 :: 		break;
0x0091	0x298C      	GOTO       L_display_digit1
;MP1Compiler.c,109 :: 		case 4:
L_display_digit6:
;MP1Compiler.c,110 :: 		segA = 0;
0x0092	0x01F1      	CLRF       R1
0x0093	0x01F2      	CLRF       R1+1
;MP1Compiler.c,111 :: 		segB = 1;
0x0094	0x3001      	MOVLW      1
0x0095	0x00F3      	MOVWF      R3
0x0096	0x3000      	MOVLW      0
0x0097	0x00F4      	MOVWF      R3+1
;MP1Compiler.c,112 :: 		segC = 1;
0x0098	0x3001      	MOVLW      1
0x0099	0x00F5      	MOVWF      R5
0x009A	0x3000      	MOVLW      0
0x009B	0x00F6      	MOVWF      R5+1
;MP1Compiler.c,113 :: 		segD = 0;
0x009C	0x01F7      	CLRF       R7
0x009D	0x01F8      	CLRF       R7+1
;MP1Compiler.c,114 :: 		segE = 0;
0x009E	0x01F9      	CLRF       R9
0x009F	0x01FA      	CLRF       R9+1
;MP1Compiler.c,115 :: 		segF = 1;
0x00A0	0x3001      	MOVLW      1
0x00A1	0x00FB      	MOVWF      R11
0x00A2	0x3000      	MOVLW      0
0x00A3	0x00FC      	MOVWF      R11+1
;MP1Compiler.c,116 :: 		segG = 1;
0x00A4	0x3001      	MOVLW      1
0x00A5	0x00FD      	MOVWF      R13
0x00A6	0x3000      	MOVLW      0
0x00A7	0x00FE      	MOVWF      R13+1
;MP1Compiler.c,117 :: 		break;
0x00A8	0x298C      	GOTO       L_display_digit1
;MP1Compiler.c,118 :: 		case 5:
L_display_digit7:
;MP1Compiler.c,119 :: 		segA = 1;
0x00A9	0x3001      	MOVLW      1
0x00AA	0x00F1      	MOVWF      R1
0x00AB	0x3000      	MOVLW      0
0x00AC	0x00F2      	MOVWF      R1+1
;MP1Compiler.c,120 :: 		segB = 0;
0x00AD	0x01F3      	CLRF       R3
0x00AE	0x01F4      	CLRF       R3+1
;MP1Compiler.c,121 :: 		segC = 1;
0x00AF	0x3001      	MOVLW      1
0x00B0	0x00F5      	MOVWF      R5
0x00B1	0x3000      	MOVLW      0
0x00B2	0x00F6      	MOVWF      R5+1
;MP1Compiler.c,122 :: 		segD = 1;
0x00B3	0x3001      	MOVLW      1
0x00B4	0x00F7      	MOVWF      R7
0x00B5	0x3000      	MOVLW      0
0x00B6	0x00F8      	MOVWF      R7+1
;MP1Compiler.c,123 :: 		segE = 0;
0x00B7	0x01F9      	CLRF       R9
0x00B8	0x01FA      	CLRF       R9+1
;MP1Compiler.c,124 :: 		segF = 1;
0x00B9	0x3001      	MOVLW      1
0x00BA	0x00FB      	MOVWF      R11
0x00BB	0x3000      	MOVLW      0
0x00BC	0x00FC      	MOVWF      R11+1
;MP1Compiler.c,125 :: 		segG = 1;
0x00BD	0x3001      	MOVLW      1
0x00BE	0x00FD      	MOVWF      R13
0x00BF	0x3000      	MOVLW      0
0x00C0	0x00FE      	MOVWF      R13+1
;MP1Compiler.c,126 :: 		break;
0x00C1	0x298C      	GOTO       L_display_digit1
;MP1Compiler.c,127 :: 		case 6:
L_display_digit8:
;MP1Compiler.c,128 :: 		segA = 1;
0x00C2	0x3001      	MOVLW      1
0x00C3	0x00F1      	MOVWF      R1
0x00C4	0x3000      	MOVLW      0
0x00C5	0x00F2      	MOVWF      R1+1
;MP1Compiler.c,129 :: 		segB = 0;
0x00C6	0x01F3      	CLRF       R3
0x00C7	0x01F4      	CLRF       R3+1
;MP1Compiler.c,130 :: 		segC = 1;
0x00C8	0x3001      	MOVLW      1
0x00C9	0x00F5      	MOVWF      R5
0x00CA	0x3000      	MOVLW      0
0x00CB	0x00F6      	MOVWF      R5+1
;MP1Compiler.c,131 :: 		segD = 1;
0x00CC	0x3001      	MOVLW      1
0x00CD	0x00F7      	MOVWF      R7
0x00CE	0x3000      	MOVLW      0
0x00CF	0x00F8      	MOVWF      R7+1
;MP1Compiler.c,132 :: 		segE = 1;
0x00D0	0x3001      	MOVLW      1
0x00D1	0x00F9      	MOVWF      R9
0x00D2	0x3000      	MOVLW      0
0x00D3	0x00FA      	MOVWF      R9+1
;MP1Compiler.c,133 :: 		segF = 1;
0x00D4	0x3001      	MOVLW      1
0x00D5	0x00FB      	MOVWF      R11
0x00D6	0x3000      	MOVLW      0
0x00D7	0x00FC      	MOVWF      R11+1
;MP1Compiler.c,134 :: 		segG = 1;
0x00D8	0x3001      	MOVLW      1
0x00D9	0x00FD      	MOVWF      R13
0x00DA	0x3000      	MOVLW      0
0x00DB	0x00FE      	MOVWF      R13+1
;MP1Compiler.c,135 :: 		break;
0x00DC	0x298C      	GOTO       L_display_digit1
;MP1Compiler.c,136 :: 		case 7:
L_display_digit9:
;MP1Compiler.c,137 :: 		segA = 1;
0x00DD	0x3001      	MOVLW      1
0x00DE	0x00F1      	MOVWF      R1
0x00DF	0x3000      	MOVLW      0
0x00E0	0x00F2      	MOVWF      R1+1
;MP1Compiler.c,138 :: 		segB = 1;
0x00E1	0x3001      	MOVLW      1
0x00E2	0x00F3      	MOVWF      R3
0x00E3	0x3000      	MOVLW      0
0x00E4	0x00F4      	MOVWF      R3+1
;MP1Compiler.c,139 :: 		segC = 1;
0x00E5	0x3001      	MOVLW      1
0x00E6	0x00F5      	MOVWF      R5
0x00E7	0x3000      	MOVLW      0
0x00E8	0x00F6      	MOVWF      R5+1
;MP1Compiler.c,140 :: 		segD = 0;
0x00E9	0x01F7      	CLRF       R7
0x00EA	0x01F8      	CLRF       R7+1
;MP1Compiler.c,141 :: 		segE = 0;
0x00EB	0x01F9      	CLRF       R9
0x00EC	0x01FA      	CLRF       R9+1
;MP1Compiler.c,142 :: 		segF = 0;
0x00ED	0x01FB      	CLRF       R11
0x00EE	0x01FC      	CLRF       R11+1
;MP1Compiler.c,143 :: 		segG = 0;
0x00EF	0x01FD      	CLRF       R13
0x00F0	0x01FE      	CLRF       R13+1
;MP1Compiler.c,144 :: 		break;
0x00F1	0x298C      	GOTO       L_display_digit1
;MP1Compiler.c,145 :: 		case 8:
L_display_digit10:
;MP1Compiler.c,146 :: 		segA = 1;
0x00F2	0x3001      	MOVLW      1
0x00F3	0x00F1      	MOVWF      R1
0x00F4	0x3000      	MOVLW      0
0x00F5	0x00F2      	MOVWF      R1+1
;MP1Compiler.c,147 :: 		segB = 1;
0x00F6	0x3001      	MOVLW      1
0x00F7	0x00F3      	MOVWF      R3
0x00F8	0x3000      	MOVLW      0
0x00F9	0x00F4      	MOVWF      R3+1
;MP1Compiler.c,148 :: 		segC = 1;
0x00FA	0x3001      	MOVLW      1
0x00FB	0x00F5      	MOVWF      R5
0x00FC	0x3000      	MOVLW      0
0x00FD	0x00F6      	MOVWF      R5+1
;MP1Compiler.c,149 :: 		segD = 1;
0x00FE	0x3001      	MOVLW      1
0x00FF	0x00F7      	MOVWF      R7
0x0100	0x3000      	MOVLW      0
0x0101	0x00F8      	MOVWF      R7+1
;MP1Compiler.c,150 :: 		segE = 1;
0x0102	0x3001      	MOVLW      1
0x0103	0x00F9      	MOVWF      R9
0x0104	0x3000      	MOVLW      0
0x0105	0x00FA      	MOVWF      R9+1
;MP1Compiler.c,151 :: 		segF = 1;
0x0106	0x3001      	MOVLW      1
0x0107	0x00FB      	MOVWF      R11
0x0108	0x3000      	MOVLW      0
0x0109	0x00FC      	MOVWF      R11+1
;MP1Compiler.c,152 :: 		segG = 1;
0x010A	0x3001      	MOVLW      1
0x010B	0x00FD      	MOVWF      R13
0x010C	0x3000      	MOVLW      0
0x010D	0x00FE      	MOVWF      R13+1
;MP1Compiler.c,153 :: 		break;
0x010E	0x298C      	GOTO       L_display_digit1
;MP1Compiler.c,154 :: 		case 9:
L_display_digit11:
;MP1Compiler.c,155 :: 		segA = 1;
0x010F	0x3001      	MOVLW      1
0x0110	0x00F1      	MOVWF      R1
0x0111	0x3000      	MOVLW      0
0x0112	0x00F2      	MOVWF      R1+1
;MP1Compiler.c,156 :: 		segB = 1;
0x0113	0x3001      	MOVLW      1
0x0114	0x00F3      	MOVWF      R3
0x0115	0x3000      	MOVLW      0
0x0116	0x00F4      	MOVWF      R3+1
;MP1Compiler.c,157 :: 		segC = 1;
0x0117	0x3001      	MOVLW      1
0x0118	0x00F5      	MOVWF      R5
0x0119	0x3000      	MOVLW      0
0x011A	0x00F6      	MOVWF      R5+1
;MP1Compiler.c,158 :: 		segD = 1;
0x011B	0x3001      	MOVLW      1
0x011C	0x00F7      	MOVWF      R7
0x011D	0x3000      	MOVLW      0
0x011E	0x00F8      	MOVWF      R7+1
;MP1Compiler.c,159 :: 		segE = 0;
0x011F	0x01F9      	CLRF       R9
0x0120	0x01FA      	CLRF       R9+1
;MP1Compiler.c,160 :: 		segF = 1;
0x0121	0x3001      	MOVLW      1
0x0122	0x00FB      	MOVWF      R11
0x0123	0x3000      	MOVLW      0
0x0124	0x00FC      	MOVWF      R11+1
;MP1Compiler.c,161 :: 		segG = 1;
0x0125	0x3001      	MOVLW      1
0x0126	0x00FD      	MOVWF      R13
0x0127	0x3000      	MOVLW      0
0x0128	0x00FE      	MOVWF      R13+1
;MP1Compiler.c,162 :: 		break;
0x0129	0x298C      	GOTO       L_display_digit1
;MP1Compiler.c,163 :: 		default:
L_display_digit12:
;MP1Compiler.c,164 :: 		segA = 0;
0x012A	0x01F1      	CLRF       R1
0x012B	0x01F2      	CLRF       R1+1
;MP1Compiler.c,165 :: 		segB = 0;
0x012C	0x01F3      	CLRF       R3
0x012D	0x01F4      	CLRF       R3+1
;MP1Compiler.c,166 :: 		segC = 0;
0x012E	0x01F5      	CLRF       R5
0x012F	0x01F6      	CLRF       R5+1
;MP1Compiler.c,167 :: 		segD = 0;
0x0130	0x01F7      	CLRF       R7
0x0131	0x01F8      	CLRF       R7+1
;MP1Compiler.c,168 :: 		segE = 0;
0x0132	0x01F9      	CLRF       R9
0x0133	0x01FA      	CLRF       R9+1
;MP1Compiler.c,169 :: 		segF = 0;
0x0134	0x01FB      	CLRF       R11
0x0135	0x01FC      	CLRF       R11+1
;MP1Compiler.c,170 :: 		segG = 0;
0x0136	0x01FD      	CLRF       R13
0x0137	0x01FE      	CLRF       R13+1
;MP1Compiler.c,171 :: 		break;
0x0138	0x298C      	GOTO       L_display_digit1
;MP1Compiler.c,172 :: 		}
L_display_digit0:
0x0139	0x1283      	BCF        STATUS, 5
0x013A	0x1303      	BCF        STATUS, 6
0x013B	0x3000      	MOVLW      0
0x013C	0x062B      	XORWF      FARG_display_digit_digit+1, 0
0x013D	0x1D03      	BTFSS      STATUS, 2
0x013E	0x2941      	GOTO       L__display_digit36
0x013F	0x3000      	MOVLW      0
0x0140	0x062A      	XORWF      FARG_display_digit_digit, 0
L__display_digit36:
0x0141	0x1903      	BTFSC      STATUS, 2
0x0142	0x2830      	GOTO       L_display_digit2
0x0143	0x3000      	MOVLW      0
0x0144	0x062B      	XORWF      FARG_display_digit_digit+1, 0
0x0145	0x1D03      	BTFSS      STATUS, 2
0x0146	0x2949      	GOTO       L__display_digit37
0x0147	0x3001      	MOVLW      1
0x0148	0x062A      	XORWF      FARG_display_digit_digit, 0
L__display_digit37:
0x0149	0x1903      	BTFSC      STATUS, 2
0x014A	0x284D      	GOTO       L_display_digit3
0x014B	0x3000      	MOVLW      0
0x014C	0x062B      	XORWF      FARG_display_digit_digit+1, 0
0x014D	0x1D03      	BTFSS      STATUS, 2
0x014E	0x2951      	GOTO       L__display_digit38
0x014F	0x3002      	MOVLW      2
0x0150	0x062A      	XORWF      FARG_display_digit_digit, 0
L__display_digit38:
0x0151	0x1903      	BTFSC      STATUS, 2
0x0152	0x2860      	GOTO       L_display_digit4
0x0153	0x3000      	MOVLW      0
0x0154	0x062B      	XORWF      FARG_display_digit_digit+1, 0
0x0155	0x1D03      	BTFSS      STATUS, 2
0x0156	0x2959      	GOTO       L__display_digit39
0x0157	0x3003      	MOVLW      3
0x0158	0x062A      	XORWF      FARG_display_digit_digit, 0
L__display_digit39:
0x0159	0x1903      	BTFSC      STATUS, 2
0x015A	0x2879      	GOTO       L_display_digit5
0x015B	0x3000      	MOVLW      0
0x015C	0x062B      	XORWF      FARG_display_digit_digit+1, 0
0x015D	0x1D03      	BTFSS      STATUS, 2
0x015E	0x2961      	GOTO       L__display_digit40
0x015F	0x3004      	MOVLW      4
0x0160	0x062A      	XORWF      FARG_display_digit_digit, 0
L__display_digit40:
0x0161	0x1903      	BTFSC      STATUS, 2
0x0162	0x2892      	GOTO       L_display_digit6
0x0163	0x3000      	MOVLW      0
0x0164	0x062B      	XORWF      FARG_display_digit_digit+1, 0
0x0165	0x1D03      	BTFSS      STATUS, 2
0x0166	0x2969      	GOTO       L__display_digit41
0x0167	0x3005      	MOVLW      5
0x0168	0x062A      	XORWF      FARG_display_digit_digit, 0
L__display_digit41:
0x0169	0x1903      	BTFSC      STATUS, 2
0x016A	0x28A9      	GOTO       L_display_digit7
0x016B	0x3000      	MOVLW      0
0x016C	0x062B      	XORWF      FARG_display_digit_digit+1, 0
0x016D	0x1D03      	BTFSS      STATUS, 2
0x016E	0x2971      	GOTO       L__display_digit42
0x016F	0x3006      	MOVLW      6
0x0170	0x062A      	XORWF      FARG_display_digit_digit, 0
L__display_digit42:
0x0171	0x1903      	BTFSC      STATUS, 2
0x0172	0x28C2      	GOTO       L_display_digit8
0x0173	0x3000      	MOVLW      0
0x0174	0x062B      	XORWF      FARG_display_digit_digit+1, 0
0x0175	0x1D03      	BTFSS      STATUS, 2
0x0176	0x2979      	GOTO       L__display_digit43
0x0177	0x3007      	MOVLW      7
0x0178	0x062A      	XORWF      FARG_display_digit_digit, 0
L__display_digit43:
0x0179	0x1903      	BTFSC      STATUS, 2
0x017A	0x28DD      	GOTO       L_display_digit9
0x017B	0x3000      	MOVLW      0
0x017C	0x062B      	XORWF      FARG_display_digit_digit+1, 0
0x017D	0x1D03      	BTFSS      STATUS, 2
0x017E	0x2981      	GOTO       L__display_digit44
0x017F	0x3008      	MOVLW      8
0x0180	0x062A      	XORWF      FARG_display_digit_digit, 0
L__display_digit44:
0x0181	0x1903      	BTFSC      STATUS, 2
0x0182	0x28F2      	GOTO       L_display_digit10
0x0183	0x3000      	MOVLW      0
0x0184	0x062B      	XORWF      FARG_display_digit_digit+1, 0
0x0185	0x1D03      	BTFSS      STATUS, 2
0x0186	0x2989      	GOTO       L__display_digit45
0x0187	0x3009      	MOVLW      9
0x0188	0x062A      	XORWF      FARG_display_digit_digit, 0
L__display_digit45:
0x0189	0x1903      	BTFSC      STATUS, 2
0x018A	0x290F      	GOTO       L_display_digit11
0x018B	0x292A      	GOTO       L_display_digit12
L_display_digit1:
;MP1Compiler.c,174 :: 		switch(display_num) {
0x018C	0x2A21      	GOTO       L_display_digit13
;MP1Compiler.c,175 :: 		case 1:
L_display_digit15:
;MP1Compiler.c,176 :: 		PORTD.F2 = segA;
0x018D	0x1871      	BTFSC      R1, 0
0x018E	0x2993      	GOTO       L__display_digit46
0x018F	0x1283      	BCF        STATUS, 5
0x0190	0x1303      	BCF        STATUS, 6
0x0191	0x1108      	BCF        PORTD, 2
0x0192	0x2996      	GOTO       L__display_digit47
L__display_digit46:
0x0193	0x1283      	BCF        STATUS, 5
0x0194	0x1303      	BCF        STATUS, 6
0x0195	0x1508      	BSF        PORTD, 2
L__display_digit47:
;MP1Compiler.c,177 :: 		PORTC.F1 = segB;
0x0196	0x1873      	BTFSC      R3, 0
0x0197	0x299A      	GOTO       L__display_digit48
0x0198	0x1087      	BCF        PORTC, 1
0x0199	0x299B      	GOTO       L__display_digit49
L__display_digit48:
0x019A	0x1487      	BSF        PORTC, 1
L__display_digit49:
;MP1Compiler.c,178 :: 		PORTD.F7 = segC;
0x019B	0x1875      	BTFSC      R5, 0
0x019C	0x299F      	GOTO       L__display_digit50
0x019D	0x1388      	BCF        PORTD, 7
0x019E	0x29A0      	GOTO       L__display_digit51
L__display_digit50:
0x019F	0x1788      	BSF        PORTD, 7
L__display_digit51:
;MP1Compiler.c,179 :: 		PORTA.F0 = segD;
0x01A0	0x1877      	BTFSC      R7, 0
0x01A1	0x29A4      	GOTO       L__display_digit52
0x01A2	0x1005      	BCF        PORTA, 0
0x01A3	0x29A5      	GOTO       L__display_digit53
L__display_digit52:
0x01A4	0x1405      	BSF        PORTA, 0
L__display_digit53:
;MP1Compiler.c,180 :: 		PORTB.F2 = segE;
0x01A5	0x1879      	BTFSC      R9, 0
0x01A6	0x29A9      	GOTO       L__display_digit54
0x01A7	0x1106      	BCF        PORTB, 2
0x01A8	0x29AA      	GOTO       L__display_digit55
L__display_digit54:
0x01A9	0x1506      	BSF        PORTB, 2
L__display_digit55:
;MP1Compiler.c,181 :: 		PORTC.F4 = segF;
0x01AA	0x187B      	BTFSC      R11, 0
0x01AB	0x29AE      	GOTO       L__display_digit56
0x01AC	0x1207      	BCF        PORTC, 4
0x01AD	0x29AF      	GOTO       L__display_digit57
L__display_digit56:
0x01AE	0x1607      	BSF        PORTC, 4
L__display_digit57:
;MP1Compiler.c,182 :: 		PORTB.F7 = segG;
0x01AF	0x187D      	BTFSC      R13, 0
0x01B0	0x29B3      	GOTO       L__display_digit58
0x01B1	0x1386      	BCF        PORTB, 7
0x01B2	0x29B4      	GOTO       L__display_digit59
L__display_digit58:
0x01B3	0x1786      	BSF        PORTB, 7
L__display_digit59:
;MP1Compiler.c,183 :: 		break;
0x01B4	0x2A43      	GOTO       L_display_digit14
;MP1Compiler.c,184 :: 		case 2:
L_display_digit16:
;MP1Compiler.c,185 :: 		PORTD.F3 = segA;
0x01B5	0x1871      	BTFSC      R1, 0
0x01B6	0x29B9      	GOTO       L__display_digit60
0x01B7	0x1188      	BCF        PORTD, 3
0x01B8	0x29BA      	GOTO       L__display_digit61
L__display_digit60:
0x01B9	0x1588      	BSF        PORTD, 3
L__display_digit61:
;MP1Compiler.c,186 :: 		PORTB.F1 = segB;
0x01BA	0x1873      	BTFSC      R3, 0
0x01BB	0x29BE      	GOTO       L__display_digit62
0x01BC	0x1086      	BCF        PORTB, 1
0x01BD	0x29BF      	GOTO       L__display_digit63
L__display_digit62:
0x01BE	0x1486      	BSF        PORTB, 1
L__display_digit63:
;MP1Compiler.c,187 :: 		PORTC.F0 = segC;
0x01BF	0x1875      	BTFSC      R5, 0
0x01C0	0x29C3      	GOTO       L__display_digit64
0x01C1	0x1007      	BCF        PORTC, 0
0x01C2	0x29C4      	GOTO       L__display_digit65
L__display_digit64:
0x01C3	0x1407      	BSF        PORTC, 0
L__display_digit65:
;MP1Compiler.c,188 :: 		PORTA.F3 = segD;
0x01C4	0x1877      	BTFSC      R7, 0
0x01C5	0x29C8      	GOTO       L__display_digit66
0x01C6	0x1185      	BCF        PORTA, 3
0x01C7	0x29C9      	GOTO       L__display_digit67
L__display_digit66:
0x01C8	0x1585      	BSF        PORTA, 3
L__display_digit67:
;MP1Compiler.c,189 :: 		PORTD.F6 = segE;
0x01C9	0x1879      	BTFSC      R9, 0
0x01CA	0x29CD      	GOTO       L__display_digit68
0x01CB	0x1308      	BCF        PORTD, 6
0x01CC	0x29CE      	GOTO       L__display_digit69
L__display_digit68:
0x01CD	0x1708      	BSF        PORTD, 6
L__display_digit69:
;MP1Compiler.c,190 :: 		PORTB.F0 = segF;
0x01CE	0x187B      	BTFSC      R11, 0
0x01CF	0x29D2      	GOTO       L__display_digit70
0x01D0	0x1006      	BCF        PORTB, 0
0x01D1	0x29D3      	GOTO       L__display_digit71
L__display_digit70:
0x01D2	0x1406      	BSF        PORTB, 0
L__display_digit71:
;MP1Compiler.c,191 :: 		PORTC.F5 = segG;
0x01D3	0x187D      	BTFSC      R13, 0
0x01D4	0x29D7      	GOTO       L__display_digit72
0x01D5	0x1287      	BCF        PORTC, 5
0x01D6	0x29D8      	GOTO       L__display_digit73
L__display_digit72:
0x01D7	0x1687      	BSF        PORTC, 5
L__display_digit73:
;MP1Compiler.c,192 :: 		break;
0x01D8	0x2A43      	GOTO       L_display_digit14
;MP1Compiler.c,193 :: 		case 3:
L_display_digit17:
;MP1Compiler.c,194 :: 		PORTC.F2 = segA;
0x01D9	0x1871      	BTFSC      R1, 0
0x01DA	0x29DD      	GOTO       L__display_digit74
0x01DB	0x1107      	BCF        PORTC, 2
0x01DC	0x29DE      	GOTO       L__display_digit75
L__display_digit74:
0x01DD	0x1507      	BSF        PORTC, 2
L__display_digit75:
;MP1Compiler.c,195 :: 		PORTD.F0 = segB;
0x01DE	0x1873      	BTFSC      R3, 0
0x01DF	0x29E2      	GOTO       L__display_digit76
0x01E0	0x1008      	BCF        PORTD, 0
0x01E1	0x29E3      	GOTO       L__display_digit77
L__display_digit76:
0x01E2	0x1408      	BSF        PORTD, 0
L__display_digit77:
;MP1Compiler.c,196 :: 		PORTA.F1 = segC;
0x01E3	0x1875      	BTFSC      R5, 0
0x01E4	0x29E7      	GOTO       L__display_digit78
0x01E5	0x1085      	BCF        PORTA, 1
0x01E6	0x29E8      	GOTO       L__display_digit79
L__display_digit78:
0x01E7	0x1485      	BSF        PORTA, 1
L__display_digit79:
;MP1Compiler.c,197 :: 		PORTB.F4 = segD;
0x01E8	0x1877      	BTFSC      R7, 0
0x01E9	0x29EC      	GOTO       L__display_digit80
0x01EA	0x1206      	BCF        PORTB, 4
0x01EB	0x29ED      	GOTO       L__display_digit81
L__display_digit80:
0x01EC	0x1606      	BSF        PORTB, 4
L__display_digit81:
;MP1Compiler.c,198 :: 		PORTC.F6 = segE;
0x01ED	0x1879      	BTFSC      R9, 0
0x01EE	0x29F1      	GOTO       L__display_digit82
0x01EF	0x1307      	BCF        PORTC, 6
0x01F0	0x29F2      	GOTO       L__display_digit83
L__display_digit82:
0x01F1	0x1707      	BSF        PORTC, 6
L__display_digit83:
;MP1Compiler.c,199 :: 		PORTD.F4 = segF;
0x01F2	0x187B      	BTFSC      R11, 0
0x01F3	0x29F6      	GOTO       L__display_digit84
0x01F4	0x1208      	BCF        PORTD, 4
0x01F5	0x29F7      	GOTO       L__display_digit85
L__display_digit84:
0x01F6	0x1608      	BSF        PORTD, 4
L__display_digit85:
;MP1Compiler.c,200 :: 		PORTB.F5 = segG;
0x01F7	0x187D      	BTFSC      R13, 0
0x01F8	0x29FB      	GOTO       L__display_digit86
0x01F9	0x1286      	BCF        PORTB, 5
0x01FA	0x29FC      	GOTO       L__display_digit87
L__display_digit86:
0x01FB	0x1686      	BSF        PORTB, 5
L__display_digit87:
;MP1Compiler.c,201 :: 		break;
0x01FC	0x2A43      	GOTO       L_display_digit14
;MP1Compiler.c,202 :: 		case 4:
L_display_digit18:
;MP1Compiler.c,203 :: 		PORTC.F7 = segA;
0x01FD	0x1871      	BTFSC      R1, 0
0x01FE	0x2A01      	GOTO       L__display_digit88
0x01FF	0x1387      	BCF        PORTC, 7
0x0200	0x2A02      	GOTO       L__display_digit89
L__display_digit88:
0x0201	0x1787      	BSF        PORTC, 7
L__display_digit89:
;MP1Compiler.c,204 :: 		PORTD.F1 = segB;
0x0202	0x1873      	BTFSC      R3, 0
0x0203	0x2A06      	GOTO       L__display_digit90
0x0204	0x1088      	BCF        PORTD, 1
0x0205	0x2A07      	GOTO       L__display_digit91
L__display_digit90:
0x0206	0x1488      	BSF        PORTD, 1
L__display_digit91:
;MP1Compiler.c,205 :: 		PORTB.F6 = segC;
0x0207	0x1875      	BTFSC      R5, 0
0x0208	0x2A0B      	GOTO       L__display_digit92
0x0209	0x1306      	BCF        PORTB, 6
0x020A	0x2A0C      	GOTO       L__display_digit93
L__display_digit92:
0x020B	0x1706      	BSF        PORTB, 6
L__display_digit93:
;MP1Compiler.c,206 :: 		PORTA.F2 = segD;
0x020C	0x1877      	BTFSC      R7, 0
0x020D	0x2A10      	GOTO       L__display_digit94
0x020E	0x1105      	BCF        PORTA, 2
0x020F	0x2A11      	GOTO       L__display_digit95
L__display_digit94:
0x0210	0x1505      	BSF        PORTA, 2
L__display_digit95:
;MP1Compiler.c,207 :: 		PORTD.F5 = segE;
0x0211	0x1879      	BTFSC      R9, 0
0x0212	0x2A15      	GOTO       L__display_digit96
0x0213	0x1288      	BCF        PORTD, 5
0x0214	0x2A16      	GOTO       L__display_digit97
L__display_digit96:
0x0215	0x1688      	BSF        PORTD, 5
L__display_digit97:
;MP1Compiler.c,208 :: 		PORTC.F3 = segF;
0x0216	0x187B      	BTFSC      R11, 0
0x0217	0x2A1A      	GOTO       L__display_digit98
0x0218	0x1187      	BCF        PORTC, 3
0x0219	0x2A1B      	GOTO       L__display_digit99
L__display_digit98:
0x021A	0x1587      	BSF        PORTC, 3
L__display_digit99:
;MP1Compiler.c,209 :: 		PORTB.F3 = segG;
0x021B	0x187D      	BTFSC      R13, 0
0x021C	0x2A1F      	GOTO       L__display_digit100
0x021D	0x1186      	BCF        PORTB, 3
0x021E	0x2A20      	GOTO       L__display_digit101
L__display_digit100:
0x021F	0x1586      	BSF        PORTB, 3
L__display_digit101:
;MP1Compiler.c,210 :: 		break;
0x0220	0x2A43      	GOTO       L_display_digit14
;MP1Compiler.c,211 :: 		}
L_display_digit13:
0x0221	0x1283      	BCF        STATUS, 5
0x0222	0x1303      	BCF        STATUS, 6
0x0223	0x3000      	MOVLW      0
0x0224	0x062D      	XORWF      FARG_display_digit_display_num+1, 0
0x0225	0x1D03      	BTFSS      STATUS, 2
0x0226	0x2A29      	GOTO       L__display_digit102
0x0227	0x3001      	MOVLW      1
0x0228	0x062C      	XORWF      FARG_display_digit_display_num, 0
L__display_digit102:
0x0229	0x1903      	BTFSC      STATUS, 2
0x022A	0x298D      	GOTO       L_display_digit15
0x022B	0x3000      	MOVLW      0
0x022C	0x062D      	XORWF      FARG_display_digit_display_num+1, 0
0x022D	0x1D03      	BTFSS      STATUS, 2
0x022E	0x2A31      	GOTO       L__display_digit103
0x022F	0x3002      	MOVLW      2
0x0230	0x062C      	XORWF      FARG_display_digit_display_num, 0
L__display_digit103:
0x0231	0x1903      	BTFSC      STATUS, 2
0x0232	0x29B5      	GOTO       L_display_digit16
0x0233	0x3000      	MOVLW      0
0x0234	0x062D      	XORWF      FARG_display_digit_display_num+1, 0
0x0235	0x1D03      	BTFSS      STATUS, 2
0x0236	0x2A39      	GOTO       L__display_digit104
0x0237	0x3003      	MOVLW      3
0x0238	0x062C      	XORWF      FARG_display_digit_display_num, 0
L__display_digit104:
0x0239	0x1903      	BTFSC      STATUS, 2
0x023A	0x29D9      	GOTO       L_display_digit17
0x023B	0x3000      	MOVLW      0
0x023C	0x062D      	XORWF      FARG_display_digit_display_num+1, 0
0x023D	0x1D03      	BTFSS      STATUS, 2
0x023E	0x2A41      	GOTO       L__display_digit105
0x023F	0x3004      	MOVLW      4
0x0240	0x062C      	XORWF      FARG_display_digit_display_num, 0
L__display_digit105:
0x0241	0x1903      	BTFSC      STATUS, 2
0x0242	0x29FD      	GOTO       L_display_digit18
L_display_digit14:
;MP1Compiler.c,212 :: 		}
L_end_display_digit:
0x0243	0x0008      	RETURN
; end of _display_digit
_____DoICP:
;__Lib_System.c,6 :: 		
;__Lib_System.c,9 :: 		
0x0244	0x1283      	BCF        STATUS, 5
0x0245	0x1303      	BCF        STATUS, 6
0x0246	0x0825      	MOVF       ___DoICPAddr+1, 0
0x0247	0x008A      	MOVWF      PCLATH
;__Lib_System.c,10 :: 		
0x0248	0x0824      	MOVF       ___DoICPAddr, 0
0x0249	0x0082      	MOVWF      PCL
;__Lib_System.c,12 :: 		
L_end_____DoICP:
0x024A	0x0008      	RETURN
; end of _____DoICP
_Div_16x16_S:
;__Lib_Math.c,480 :: 		
;__Lib_Math.c,488 :: 		
0x024B	0x1283      	BCF        STATUS, 5
0x024C	0x1303      	BCF        STATUS, 6
0x024D	0x0874      	MOVF       R4, 0
0x024E	0x3A00      	XORLW      0
0x024F	0x1D03      	BTFSS      STATUS, 2
0x0250	0x2A5A      	GOTO       L_Div_16x16_S0
;__Lib_Math.c,489 :: 		
0x0251	0x0875      	MOVF       R5, 0
0x0252	0x3A00      	XORLW      0
0x0253	0x1D03      	BTFSS      STATUS, 2
0x0254	0x2A5A      	GOTO       L_Div_16x16_S1
;__Lib_Math.c,490 :: 		
0x0255	0x30FF      	MOVLW      255
0x0256	0x00F0      	MOVWF      R0
;__Lib_Math.c,491 :: 		
0x0257	0x307F      	MOVLW      127
0x0258	0x00F1      	MOVWF      R1
;__Lib_Math.c,492 :: 		
0x0259	0x2AB3      	GOTO       L_end_Div_16x16_S
;__Lib_Math.c,493 :: 		
L_Div_16x16_S1:
L_Div_16x16_S0:
;__Lib_Math.c,496 :: 		
0x025A	0x1283      	BCF        STATUS, 5
;__Lib_Math.c,497 :: 		
0x025B	0x1303      	BCF        STATUS, 6
;__Lib_Math.c,498 :: 		
0x025C	0x01FD      	CLRF       R13
;__Lib_Math.c,499 :: 		
0x025D	0x01F9      	CLRF       R9
;__Lib_Math.c,500 :: 		
0x025E	0x01F8      	CLRF       R8
;__Lib_Math.c,501 :: 		
0x025F	0x0871      	MOVF       R1, 0
;__Lib_Math.c,502 :: 		
0x0260	0x0470      	IORWF      R0, 0
;__Lib_Math.c,503 :: 		
0x0261	0x1903      	BTFSC      STATUS, 2
;__Lib_Math.c,504 :: 		
0x0262	0x3400      	RETLW      0
;__Lib_Math.c,506 :: 		
0x0263	0x0871      	MOVF       R1, 0
;__Lib_Math.c,507 :: 		
0x0264	0x0675      	XORWF      R5, 0
;__Lib_Math.c,508 :: 		
0x0265	0x00FA      	MOVWF      R10
;__Lib_Math.c,509 :: 		
0x0266	0x1BFA      	BTFSC      R10, 7
;__Lib_Math.c,510 :: 		
0x0267	0x09FD      	COMF       R13, 1
;__Lib_Math.c,512 :: 		
0x0268	0x01FB      	CLRF       R11
;__Lib_Math.c,514 :: 		
0x0269	0x1FF5      	BTFSS      R5, 7
;__Lib_Math.c,515 :: 		
0x026A	0x2A70      	GOTO       $+6
;__Lib_Math.c,517 :: 		
0x026B	0x09F4      	COMF       R4, 1
;__Lib_Math.c,518 :: 		
0x026C	0x09F5      	COMF       R5, 1
;__Lib_Math.c,519 :: 		
0x026D	0x0AF4      	INCF       R4, 1
;__Lib_Math.c,520 :: 		
0x026E	0x1903      	BTFSC      STATUS, 2
;__Lib_Math.c,521 :: 		
0x026F	0x0AF5      	INCF       R5, 1
;__Lib_Math.c,523 :: 		
0x0270	0x1FF1      	BTFSS      R1, 7
;__Lib_Math.c,524 :: 		
0x0271	0x2A77      	GOTO       $+6
;__Lib_Math.c,526 :: 		
0x0272	0x09F0      	COMF       R0, 1
;__Lib_Math.c,527 :: 		
0x0273	0x09F1      	COMF       R1, 1
;__Lib_Math.c,528 :: 		
0x0274	0x0AF0      	INCF       R0, 1
;__Lib_Math.c,529 :: 		
0x0275	0x1903      	BTFSC      STATUS, 2
;__Lib_Math.c,530 :: 		
0x0276	0x0AF1      	INCF       R1, 1
;__Lib_Math.c,532 :: 		
0x0277	0x0871      	MOVF       R1, 0
;__Lib_Math.c,533 :: 		
0x0278	0x0475      	IORWF      R5, 0
;__Lib_Math.c,534 :: 		
0x0279	0x00FA      	MOVWF      R10
;__Lib_Math.c,535 :: 		
0x027A	0x1BFA      	BTFSC      R10, 7
;__Lib_Math.c,536 :: 		
0x027B	0x2A8C      	GOTO       $+17
;__Lib_Math.c,538 :: 		
0x027C	0x2003      	CALL       _Div_16x16_S_L
;__Lib_Math.c,540 :: 		
0x027D	0x187B      	BTFSC      R11, 0
;__Lib_Math.c,541 :: 		
0x027E	0x2A9F      	GOTO       $+33
;__Lib_Math.c,543 :: 		
0x027F	0x1FFD      	BTFSS      R13, 7
;__Lib_Math.c,544 :: 		
0x0280	0x3400      	RETLW      0
;__Lib_Math.c,546 :: 		
0x0281	0x09F0      	COMF       R0, 1
;__Lib_Math.c,547 :: 		
0x0282	0x09F1      	COMF       R1, 1
;__Lib_Math.c,548 :: 		
0x0283	0x0AF0      	INCF       R0, 1
;__Lib_Math.c,549 :: 		
0x0284	0x1903      	BTFSC      STATUS, 2
;__Lib_Math.c,550 :: 		
0x0285	0x0AF1      	INCF       R1, 1
;__Lib_Math.c,552 :: 		
0x0286	0x09F8      	COMF       R8, 1
;__Lib_Math.c,553 :: 		
0x0287	0x09F9      	COMF       R9, 1
;__Lib_Math.c,554 :: 		
0x0288	0x0AF8      	INCF       R8, 1
;__Lib_Math.c,555 :: 		
0x0289	0x1903      	BTFSC      STATUS, 2
;__Lib_Math.c,556 :: 		
0x028A	0x0AF9      	INCF       R9, 1
;__Lib_Math.c,558 :: 		
0x028B	0x3400      	RETLW      0
;__Lib_Math.c,560 :: 		
0x028C	0x1FF5      	BTFSS      R5, 7
;__Lib_Math.c,561 :: 		
0x028D	0x2A9B      	GOTO       $+14
;__Lib_Math.c,562 :: 		
0x028E	0x1BF1      	BTFSC      R1, 7
;__Lib_Math.c,563 :: 		
0x028F	0x2A97      	GOTO       $+8
;__Lib_Math.c,564 :: 		
0x0290	0x0871      	MOVF       R1, 0
;__Lib_Math.c,565 :: 		
0x0291	0x00F9      	MOVWF      R9
;__Lib_Math.c,566 :: 		
0x0292	0x0870      	MOVF       R0, 0
;__Lib_Math.c,567 :: 		
0x0293	0x00F8      	MOVWF      R8
;__Lib_Math.c,568 :: 		
0x0294	0x01F1      	CLRF       R1
;__Lib_Math.c,569 :: 		
0x0295	0x01F0      	CLRF       R0
;__Lib_Math.c,570 :: 		
0x0296	0x2A7F      	GOTO       $-23
;__Lib_Math.c,571 :: 		
0x0297	0x01F1      	CLRF       R1
;__Lib_Math.c,572 :: 		
0x0298	0x01F0      	CLRF       R0
;__Lib_Math.c,573 :: 		
0x0299	0x0AF0      	INCF       R0, 1
;__Lib_Math.c,574 :: 		
0x029A	0x3400      	RETLW      0
;__Lib_Math.c,576 :: 		
0x029B	0x09F1      	COMF       R1, 1
;__Lib_Math.c,577 :: 		
0x029C	0x09F0      	COMF       R0, 1
;__Lib_Math.c,578 :: 		
0x029D	0x0AFB      	INCF       R11, 1
;__Lib_Math.c,579 :: 		
0x029E	0x2A7C      	GOTO       $-34
;__Lib_Math.c,581 :: 		
0x029F	0x0AF8      	INCF       R8, 1
;__Lib_Math.c,582 :: 		
0x02A0	0x1903      	BTFSC      STATUS, 2
;__Lib_Math.c,583 :: 		
0x02A1	0x0AF9      	INCF       R9, 1
;__Lib_Math.c,584 :: 		
0x02A2	0x0874      	MOVF       R4, 0
;__Lib_Math.c,585 :: 		
0x02A3	0x0278      	SUBWF      R8, 0
;__Lib_Math.c,586 :: 		
0x02A4	0x1D03      	BTFSS      STATUS, 2
;__Lib_Math.c,587 :: 		
0x02A5	0x2A7F      	GOTO       $-38
;__Lib_Math.c,588 :: 		
0x02A6	0x0875      	MOVF       R5, 0
;__Lib_Math.c,589 :: 		
0x02A7	0x0279      	SUBWF      R9, 0
;__Lib_Math.c,590 :: 		
0x02A8	0x1D03      	BTFSS      STATUS, 2
;__Lib_Math.c,591 :: 		
0x02A9	0x2A7F      	GOTO       $-42
;__Lib_Math.c,592 :: 		
0x02AA	0x01F9      	CLRF       R9
;__Lib_Math.c,593 :: 		
0x02AB	0x01F8      	CLRF       R8
;__Lib_Math.c,594 :: 		
0x02AC	0x0AF0      	INCF       R0, 1
;__Lib_Math.c,595 :: 		
0x02AD	0x1903      	BTFSC      STATUS, 2
;__Lib_Math.c,596 :: 		
0x02AE	0x0AF1      	INCF       R1, 1
;__Lib_Math.c,597 :: 		
0x02AF	0x1FF1      	BTFSS      R1, 7
;__Lib_Math.c,598 :: 		
0x02B0	0x2A7F      	GOTO       $-49
;__Lib_Math.c,599 :: 		
0x02B1	0x0000      	NOP
;__Lib_Math.c,600 :: 		
0x02B2	0x34FF      	RETLW      255
;__Lib_Math.c,602 :: 		
L_end_Div_16x16_S:
0x02B3	0x0008      	RETURN
; end of _Div_16x16_S
___CC2DW:
;__Lib_System.c,134 :: 		
;__Lib_System.c,137 :: 		
_CC2D_Loop1:
;__Lib_System.c,139 :: 		
0x02B4	0x2244      	CALL       _____DoICP
0x02B5	0x118A      	BCF        PCLATH, 3
0x02B6	0x120A      	BCF        PCLATH, 4
;__Lib_System.c,141 :: 		
0x02B7	0x0080      	MOVWF      INDF
;__Lib_System.c,142 :: 		
0x02B8	0x0A84      	INCF       FSR, 1
;__Lib_System.c,143 :: 		
0x02B9	0x0AA4      	INCF       ___DoICPAddr, 1
;__Lib_System.c,145 :: 		
0x02BA	0x1903      	BTFSC      STATUS, 2
;__Lib_System.c,146 :: 		
0x02BB	0x0AA5      	INCF       ___DoICPAddr+1, 1
;__Lib_System.c,147 :: 		
0x02BC	0x03F0      	DECF       R0, 1
;__Lib_System.c,149 :: 		
0x02BD	0x1D03      	BTFSS      STATUS, 2
;__Lib_System.c,150 :: 		
0x02BE	0x2AB4      	GOTO       _CC2D_Loop1
;__Lib_System.c,152 :: 		
L_end___CC2DW:
0x02BF	0x0008      	RETURN
; end of ___CC2DW
_display_time:
;MP1Compiler.c,215 :: 		void display_time(int minutes, int seconds) {
;MP1Compiler.c,217 :: 		display_digit(minutes / 10, 1);             // Display tens digit of minutes
0x02C0	0x300A      	MOVLW      10
0x02C1	0x1283      	BCF        STATUS, 5
0x02C2	0x1303      	BCF        STATUS, 6
0x02C3	0x00F4      	MOVWF      R4
0x02C4	0x3000      	MOVLW      0
0x02C5	0x00F5      	MOVWF      R4+1
0x02C6	0x0826      	MOVF       FARG_display_time_minutes, 0
0x02C7	0x00F0      	MOVWF      R0
0x02C8	0x0827      	MOVF       FARG_display_time_minutes+1, 0
0x02C9	0x00F1      	MOVWF      R0+1
0x02CA	0x224B      	CALL       _Div_16x16_S
0x02CB	0x0870      	MOVF       R0, 0
0x02CC	0x00AA      	MOVWF      FARG_display_digit_digit
0x02CD	0x0871      	MOVF       R0+1, 0
0x02CE	0x00AB      	MOVWF      FARG_display_digit_digit+1
0x02CF	0x3001      	MOVLW      1
0x02D0	0x00AC      	MOVWF      FARG_display_digit_display_num
0x02D1	0x3000      	MOVLW      0
0x02D2	0x00AD      	MOVWF      FARG_display_digit_display_num+1
0x02D3	0x202F      	CALL       _display_digit
;MP1Compiler.c,218 :: 		display_digit(minutes % 10, 2);             // Display ones digit of minutes
0x02D4	0x300A      	MOVLW      10
0x02D5	0x00F4      	MOVWF      R4
0x02D6	0x3000      	MOVLW      0
0x02D7	0x00F5      	MOVWF      R4+1
0x02D8	0x0826      	MOVF       FARG_display_time_minutes, 0
0x02D9	0x00F0      	MOVWF      R0
0x02DA	0x0827      	MOVF       FARG_display_time_minutes+1, 0
0x02DB	0x00F1      	MOVWF      R0+1
0x02DC	0x224B      	CALL       _Div_16x16_S
0x02DD	0x0878      	MOVF       R8, 0
0x02DE	0x00F0      	MOVWF      R0
0x02DF	0x0879      	MOVF       R8+1, 0
0x02E0	0x00F1      	MOVWF      R0+1
0x02E1	0x0870      	MOVF       R0, 0
0x02E2	0x00AA      	MOVWF      FARG_display_digit_digit
0x02E3	0x0871      	MOVF       R0+1, 0
0x02E4	0x00AB      	MOVWF      FARG_display_digit_digit+1
0x02E5	0x3002      	MOVLW      2
0x02E6	0x00AC      	MOVWF      FARG_display_digit_display_num
0x02E7	0x3000      	MOVLW      0
0x02E8	0x00AD      	MOVWF      FARG_display_digit_display_num+1
0x02E9	0x202F      	CALL       _display_digit
;MP1Compiler.c,220 :: 		display_digit(seconds / 10, 3);             // Display tens digit of seconds
0x02EA	0x300A      	MOVLW      10
0x02EB	0x00F4      	MOVWF      R4
0x02EC	0x3000      	MOVLW      0
0x02ED	0x00F5      	MOVWF      R4+1
0x02EE	0x0828      	MOVF       FARG_display_time_seconds, 0
0x02EF	0x00F0      	MOVWF      R0
0x02F0	0x0829      	MOVF       FARG_display_time_seconds+1, 0
0x02F1	0x00F1      	MOVWF      R0+1
0x02F2	0x224B      	CALL       _Div_16x16_S
0x02F3	0x0870      	MOVF       R0, 0
0x02F4	0x00AA      	MOVWF      FARG_display_digit_digit
0x02F5	0x0871      	MOVF       R0+1, 0
0x02F6	0x00AB      	MOVWF      FARG_display_digit_digit+1
0x02F7	0x3003      	MOVLW      3
0x02F8	0x00AC      	MOVWF      FARG_display_digit_display_num
0x02F9	0x3000      	MOVLW      0
0x02FA	0x00AD      	MOVWF      FARG_display_digit_display_num+1
0x02FB	0x202F      	CALL       _display_digit
;MP1Compiler.c,221 :: 		display_digit(seconds % 10, 4);             // Display ones digit of seconds
0x02FC	0x300A      	MOVLW      10
0x02FD	0x00F4      	MOVWF      R4
0x02FE	0x3000      	MOVLW      0
0x02FF	0x00F5      	MOVWF      R4+1
0x0300	0x0828      	MOVF       FARG_display_time_seconds, 0
0x0301	0x00F0      	MOVWF      R0
0x0302	0x0829      	MOVF       FARG_display_time_seconds+1, 0
0x0303	0x00F1      	MOVWF      R0+1
0x0304	0x224B      	CALL       _Div_16x16_S
0x0305	0x0878      	MOVF       R8, 0
0x0306	0x00F0      	MOVWF      R0
0x0307	0x0879      	MOVF       R8+1, 0
0x0308	0x00F1      	MOVWF      R0+1
0x0309	0x0870      	MOVF       R0, 0
0x030A	0x00AA      	MOVWF      FARG_display_digit_digit
0x030B	0x0871      	MOVF       R0+1, 0
0x030C	0x00AB      	MOVWF      FARG_display_digit_digit+1
0x030D	0x3004      	MOVLW      4
0x030E	0x00AC      	MOVWF      FARG_display_digit_display_num
0x030F	0x3000      	MOVLW      0
0x0310	0x00AD      	MOVWF      FARG_display_digit_display_num+1
0x0311	0x202F      	CALL       _display_digit
;MP1Compiler.c,222 :: 		}
L_end_display_time:
0x0312	0x0008      	RETURN
; end of _display_time
_decrement_time:
;MP1Compiler.c,225 :: 		void decrement_time() {
;MP1Compiler.c,227 :: 		if (seconds > 0) {
0x0313	0x1283      	BCF        STATUS, 5
0x0314	0x1303      	BCF        STATUS, 6
0x0315	0x0821      	MOVF       _seconds+1, 0
0x0316	0x3C00      	SUBLW      0
0x0317	0x1D03      	BTFSS      STATUS, 2
0x0318	0x2B1B      	GOTO       L__decrement_time108
0x0319	0x0820      	MOVF       _seconds, 0
0x031A	0x3C00      	SUBLW      0
L__decrement_time108:
0x031B	0x1803      	BTFSC      STATUS, 0
0x031C	0x2B22      	GOTO       L_decrement_time19
;MP1Compiler.c,228 :: 		seconds --;
0x031D	0x3001      	MOVLW      1
0x031E	0x02A0      	SUBWF      _seconds, 1
0x031F	0x1C03      	BTFSS      STATUS, 0
0x0320	0x03A1      	DECF       _seconds+1, 1
;MP1Compiler.c,230 :: 		} else {
0x0321	0x2B32      	GOTO       L_decrement_time20
L_decrement_time19:
;MP1Compiler.c,231 :: 		if(minutes > 0) {
0x0322	0x0823      	MOVF       _minutes+1, 0
0x0323	0x3C00      	SUBLW      0
0x0324	0x1D03      	BTFSS      STATUS, 2
0x0325	0x2B28      	GOTO       L__decrement_time109
0x0326	0x0822      	MOVF       _minutes, 0
0x0327	0x3C00      	SUBLW      0
L__decrement_time109:
0x0328	0x1803      	BTFSC      STATUS, 0
0x0329	0x2B32      	GOTO       L_decrement_time21
;MP1Compiler.c,232 :: 		minutes --;
0x032A	0x3001      	MOVLW      1
0x032B	0x02A2      	SUBWF      _minutes, 1
0x032C	0x1C03      	BTFSS      STATUS, 0
0x032D	0x03A3      	DECF       _minutes+1, 1
;MP1Compiler.c,233 :: 		seconds = 59;
0x032E	0x303B      	MOVLW      59
0x032F	0x00A0      	MOVWF      _seconds
0x0330	0x3000      	MOVLW      0
0x0331	0x00A1      	MOVWF      _seconds+1
;MP1Compiler.c,234 :: 		}
L_decrement_time21:
;MP1Compiler.c,235 :: 		}
L_decrement_time20:
;MP1Compiler.c,236 :: 		}
L_end_decrement_time:
0x0332	0x0008      	RETURN
; end of _decrement_time
_init:
;MP1Compiler.c,58 :: 		void init() {
;MP1Compiler.c,59 :: 		TRISA = 0;      // Set PORTA as output
0x0333	0x1683      	BSF        STATUS, 5
0x0334	0x1303      	BCF        STATUS, 6
0x0335	0x0185      	CLRF       TRISA
;MP1Compiler.c,60 :: 		TRISB = 0;      // Set PORTB as output
0x0336	0x0186      	CLRF       TRISB
;MP1Compiler.c,61 :: 		TRISC = 0;      // Set PORTC as output
0x0337	0x0187      	CLRF       TRISC
;MP1Compiler.c,62 :: 		TRISD = 0;      // Set PORTD as output
0x0338	0x0188      	CLRF       TRISD
;MP1Compiler.c,63 :: 		ADCON1.F1 = 1;
0x0339	0x149F      	BSF        ADCON1, 1
;MP1Compiler.c,64 :: 		ADCON1.F2 = 1;
0x033A	0x151F      	BSF        ADCON1, 2
;MP1Compiler.c,65 :: 		ADCON1.F3 = 0;
0x033B	0x119F      	BCF        ADCON1, 3
;MP1Compiler.c,66 :: 		}
L_end_init:
0x033C	0x0008      	RETURN
; end of _init
_main:
0x033D	0x301E      	MOVLW      30
0x033E	0x1283      	BCF        STATUS, 5
0x033F	0x1303      	BCF        STATUS, 6
0x0340	0x00A0      	MOVWF      _seconds
0x0341	0x01A1      	CLRF       33
0x0342	0x3001      	MOVLW      1
0x0343	0x00A2      	MOVWF      _minutes
0x0344	0x01A3      	CLRF       35
;MP1Compiler.c,239 :: 		void main() {
;MP1Compiler.c,240 :: 		init();                                     // Initialize ports
0x0345	0x2333      	CALL       _init
;MP1Compiler.c,241 :: 		display_time(minutes, seconds);             // Display initial time
0x0346	0x1283      	BCF        STATUS, 5
0x0347	0x0822      	MOVF       _minutes, 0
0x0348	0x00A6      	MOVWF      FARG_display_time_minutes
0x0349	0x0823      	MOVF       _minutes+1, 0
0x034A	0x00A7      	MOVWF      FARG_display_time_minutes+1
0x034B	0x0820      	MOVF       _seconds, 0
0x034C	0x00A8      	MOVWF      FARG_display_time_seconds
0x034D	0x0821      	MOVF       _seconds+1, 0
0x034E	0x00A9      	MOVWF      FARG_display_time_seconds+1
0x034F	0x22C0      	CALL       _display_time
;MP1Compiler.c,242 :: 		while (1) {                                 // Infinite loop
L_main22:
;MP1Compiler.c,243 :: 		delay_ms(1000);                         // Decrement by 1 second
0x0350	0x301A      	MOVLW      26
0x0351	0x00FB      	MOVWF      R11
0x0352	0x305E      	MOVLW      94
0x0353	0x00FC      	MOVWF      R12
0x0354	0x306E      	MOVLW      110
0x0355	0x00FD      	MOVWF      R13
L_main24:
0x0356	0x0BFD      	DECFSZ     R13, 1
0x0357	0x2B56      	GOTO       L_main24
0x0358	0x0BFC      	DECFSZ     R12, 1
0x0359	0x2B56      	GOTO       L_main24
0x035A	0x0BFB      	DECFSZ     R11, 1
0x035B	0x2B56      	GOTO       L_main24
0x035C	0x0000      	NOP
;MP1Compiler.c,244 :: 		decrement_time();                       // Decrement time
0x035D	0x2313      	CALL       _decrement_time
;MP1Compiler.c,245 :: 		display_time(minutes, seconds);         // Display updated time
0x035E	0x0822      	MOVF       _minutes, 0
0x035F	0x00A6      	MOVWF      FARG_display_time_minutes
0x0360	0x0823      	MOVF       _minutes+1, 0
0x0361	0x00A7      	MOVWF      FARG_display_time_minutes+1
0x0362	0x0820      	MOVF       _seconds, 0
0x0363	0x00A8      	MOVWF      FARG_display_time_seconds
0x0364	0x0821      	MOVF       _seconds+1, 0
0x0365	0x00A9      	MOVWF      FARG_display_time_seconds+1
0x0366	0x22C0      	CALL       _display_time
;MP1Compiler.c,246 :: 		delay_ms(500);
0x0367	0x300D      	MOVLW      13
0x0368	0x00FB      	MOVWF      R11
0x0369	0x30AF      	MOVLW      175
0x036A	0x00FC      	MOVWF      R12
0x036B	0x30B6      	MOVLW      182
0x036C	0x00FD      	MOVWF      R13
L_main25:
0x036D	0x0BFD      	DECFSZ     R13, 1
0x036E	0x2B6D      	GOTO       L_main25
0x036F	0x0BFC      	DECFSZ     R12, 1
0x0370	0x2B6D      	GOTO       L_main25
0x0371	0x0BFB      	DECFSZ     R11, 1
0x0372	0x2B6D      	GOTO       L_main25
0x0373	0x0000      	NOP
;MP1Compiler.c,248 :: 		if (minutes == 0 && seconds ==0) {
0x0374	0x3000      	MOVLW      0
0x0375	0x0623      	XORWF      _minutes+1, 0
0x0376	0x1D03      	BTFSS      STATUS, 2
0x0377	0x2B7A      	GOTO       L__main111
0x0378	0x3000      	MOVLW      0
0x0379	0x0622      	XORWF      _minutes, 0
L__main111:
0x037A	0x1D03      	BTFSS      STATUS, 2
0x037B	0x2BC8      	GOTO       L_main28
0x037C	0x3000      	MOVLW      0
0x037D	0x0621      	XORWF      _seconds+1, 0
0x037E	0x1D03      	BTFSS      STATUS, 2
0x037F	0x2B82      	GOTO       L__main112
0x0380	0x3000      	MOVLW      0
0x0381	0x0620      	XORWF      _seconds, 0
L__main112:
0x0382	0x1D03      	BTFSS      STATUS, 2
0x0383	0x2BC8      	GOTO       L_main28
L__main33:
;MP1Compiler.c,249 :: 		while (1) {                         // Infinite loop
L_main29:
;MP1Compiler.c,250 :: 		display_digit(10, 1);           // Turn off tens digit of minutes
0x0384	0x300A      	MOVLW      10
0x0385	0x00AA      	MOVWF      FARG_display_digit_digit
0x0386	0x3000      	MOVLW      0
0x0387	0x00AB      	MOVWF      FARG_display_digit_digit+1
0x0388	0x3001      	MOVLW      1
0x0389	0x00AC      	MOVWF      FARG_display_digit_display_num
0x038A	0x3000      	MOVLW      0
0x038B	0x00AD      	MOVWF      FARG_display_digit_display_num+1
0x038C	0x202F      	CALL       _display_digit
;MP1Compiler.c,251 :: 		display_digit(10, 2);           // Turn off ones digit of minutes
0x038D	0x300A      	MOVLW      10
0x038E	0x00AA      	MOVWF      FARG_display_digit_digit
0x038F	0x3000      	MOVLW      0
0x0390	0x00AB      	MOVWF      FARG_display_digit_digit+1
0x0391	0x3002      	MOVLW      2
0x0392	0x00AC      	MOVWF      FARG_display_digit_display_num
0x0393	0x3000      	MOVLW      0
0x0394	0x00AD      	MOVWF      FARG_display_digit_display_num+1
0x0395	0x202F      	CALL       _display_digit
;MP1Compiler.c,252 :: 		display_digit(10, 3);           // Turn off tens digit of seconds
0x0396	0x300A      	MOVLW      10
0x0397	0x00AA      	MOVWF      FARG_display_digit_digit
0x0398	0x3000      	MOVLW      0
0x0399	0x00AB      	MOVWF      FARG_display_digit_digit+1
0x039A	0x3003      	MOVLW      3
0x039B	0x00AC      	MOVWF      FARG_display_digit_display_num
0x039C	0x3000      	MOVLW      0
0x039D	0x00AD      	MOVWF      FARG_display_digit_display_num+1
0x039E	0x202F      	CALL       _display_digit
;MP1Compiler.c,253 :: 		display_digit(10, 4);           // Turn off ones digit of seconds
0x039F	0x300A      	MOVLW      10
0x03A0	0x00AA      	MOVWF      FARG_display_digit_digit
0x03A1	0x3000      	MOVLW      0
0x03A2	0x00AB      	MOVWF      FARG_display_digit_digit+1
0x03A3	0x3004      	MOVLW      4
0x03A4	0x00AC      	MOVWF      FARG_display_digit_display_num
0x03A5	0x3000      	MOVLW      0
0x03A6	0x00AD      	MOVWF      FARG_display_digit_display_num+1
0x03A7	0x202F      	CALL       _display_digit
;MP1Compiler.c,254 :: 		delay_ms(500);                  // Delay 500 ms
0x03A8	0x300D      	MOVLW      13
0x03A9	0x00FB      	MOVWF      R11
0x03AA	0x30AF      	MOVLW      175
0x03AB	0x00FC      	MOVWF      R12
0x03AC	0x30B6      	MOVLW      182
0x03AD	0x00FD      	MOVWF      R13
L_main31:
0x03AE	0x0BFD      	DECFSZ     R13, 1
0x03AF	0x2BAE      	GOTO       L_main31
0x03B0	0x0BFC      	DECFSZ     R12, 1
0x03B1	0x2BAE      	GOTO       L_main31
0x03B2	0x0BFB      	DECFSZ     R11, 1
0x03B3	0x2BAE      	GOTO       L_main31
0x03B4	0x0000      	NOP
;MP1Compiler.c,255 :: 		display_time(0, 0);             // Display 00:00
0x03B5	0x01A6      	CLRF       FARG_display_time_minutes
0x03B6	0x01A7      	CLRF       FARG_display_time_minutes+1
0x03B7	0x01A8      	CLRF       FARG_display_time_seconds
0x03B8	0x01A9      	CLRF       FARG_display_time_seconds+1
0x03B9	0x22C0      	CALL       _display_time
;MP1Compiler.c,256 :: 		delay_ms(500);                  // Delay 500 ms
0x03BA	0x300D      	MOVLW      13
0x03BB	0x00FB      	MOVWF      R11
0x03BC	0x30AF      	MOVLW      175
0x03BD	0x00FC      	MOVWF      R12
0x03BE	0x30B6      	MOVLW      182
0x03BF	0x00FD      	MOVWF      R13
L_main32:
0x03C0	0x0BFD      	DECFSZ     R13, 1
0x03C1	0x2BC0      	GOTO       L_main32
0x03C2	0x0BFC      	DECFSZ     R12, 1
0x03C3	0x2BC0      	GOTO       L_main32
0x03C4	0x0BFB      	DECFSZ     R11, 1
0x03C5	0x2BC0      	GOTO       L_main32
0x03C6	0x0000      	NOP
;MP1Compiler.c,257 :: 		}
0x03C7	0x2B84      	GOTO       L_main29
;MP1Compiler.c,258 :: 		}
L_main28:
;MP1Compiler.c,259 :: 		}
0x03C8	0x2B50      	GOTO       L_main22
;MP1Compiler.c,260 :: 		}
L_end_main:
0x03C9	0x2BC9      	GOTO       $+0
; end of _main
Symbol List:
//** Routines locations **
//ADDRESS    SIZE    PROCEDURE
//----------------------------------------------
0x0003      [44]    _Div_16x16_S_L
0x002F     [533]    _display_digit
0x0244       [7]    _____DoICP
0x024B     [105]    _Div_16x16_S
0x02B4      [12]    ___CC2DW
0x02C0      [83]    _display_time
0x0313      [32]    _decrement_time
0x0333      [10]    _init
0x033D     [141]    _main
//** Variables locations ** 
//ADDRESS    SIZE    VARIABLE
//----------------------------------------------
0x0000       [1]    INDF
0x0002       [1]    PCL
0x0003       [1]    STATUS
0x0004       [1]    FSR
0x0005       [1]    PORTA
0x0006       [1]    PORTB
0x0007       [1]    PORTC
0x0008       [1]    PORTD
0x000A       [1]    PCLATH
0x0020       [2]    _seconds
0x0022       [2]    _minutes
0x0024       [2]    ___DoICPAddr
0x0026       [2]    FARG_display_time_minutes
0x0028       [2]    FARG_display_time_seconds
0x002A       [2]    FARG_display_digit_digit
0x002C       [2]    FARG_display_digit_display_num
0x0070       [1]    R0
0x0071       [1]    R1
0x0072       [1]    R2
0x0073       [1]    R3
0x0074       [1]    R4
0x0075       [1]    R5
0x0076       [1]    R6
0x0077       [1]    R7
0x0078       [1]    R8
0x0079       [1]    R9
0x007A       [1]    R10
0x007B       [1]    R11
0x007C       [1]    R12
0x007D       [1]    R13
0x007E       [1]    R14
0x007F       [1]    R15
0x0085       [1]    TRISA
0x0086       [1]    TRISB
0x0087       [1]    TRISC
0x0088       [1]    TRISD
0x009F       [1]    ADCON1
